<?xml version="1.0" encoding="UTF-8"?>
<!-- Generated by org.testng.reporters.JUnitReportReporter -->
<testsuite hostname="Geetha" failures="0" tests="2" name="test.BasicValidation" time="0.021" errors="0" timestamp="2024-05-05T12:42:23 MDT" skipped="0">
  <testcase classname="test.BasicValidation" name="titleValidation" time="0.013">
    <system-out>
      <![CDATA[Expected Result = STORE
Actual Result = STORE]]>
    </system-out>
  </testcase> <!-- titleValidation -->
  <testcase classname="test.BasicValidation" name="urlValidation" time="0.008">
    <system-out>
      <![CDATA[Expected Result = https://www.demoblaze.com/
Actual Result = https://www.demoblaze.com/]]>
    </system-out>
  </testcase> <!-- urlValidation -->
  <system-out>
    <![CDATA[Expected Result = STORE
Actual Result = STORE
Expected Result = https://www.demoblaze.com/
Actual Result = https://www.demoblaze.com/]]>
  </system-out>
</testsuite> <!-- test.BasicValidation -->
